C51 COMPILER V9.00   LCD12864                                                              06/26/2022 23:12:17 PAGE 1   


C51 COMPILER V9.00, COMPILATION OF MODULE LCD12864
OBJECT MODULE PLACED IN .\Obj\lcd12864.obj
COMPILER INVOKED BY: D:\C51\C51\BIN\C51.EXE App\lcd12864\lcd12864.c BROWSE INCDIR(.\App\24c02;.\App\iic;.\App\key;.\App\
                    -smg;.\Public;.\App\ds18b20;.\App\ds1302;.\App\ired;.\App\time;.\App\xpt2046;.\App\pwm;.\App\lcd1602;.\App\lcd12864) DEBU
                    -G OBJECTEXTEND PRINT(.\Obj\lcd12864.lst) OBJECT(.\Obj\lcd12864.obj)

line level    source

   1          #include "lcd12864.h"
   2          
   3          
   4          /*******************************************************************************
   5          * 函 数 名       : lcd12864_write_cmd
   6          * 函数功能               : LCD12864写命令
   7          * 输    入       : cmd：指令
   8          * 输    出       : 无
   9          *******************************************************************************/
  10          void lcd12864_write_cmd(u8 cmd)
  11          {
  12   1              LCD12864_RS=0;//选择命令
  13   1              LCD12864_WR=0;//选择写
  14   1              LCD12864_E=0;
  15   1              LCD12864_DATAPORT=cmd;//准备命令
  16   1              delay_ms(5);
  17   1              LCD12864_E=1;//使能脚E先上升沿写入
  18   1              delay_ms(5);
  19   1              LCD12864_E=0;//使能脚E后负跳变完成写入
  20   1      }
  21          
  22          /*******************************************************************************
  23          * 函 数 名       : lcd12864_write_data
  24          * 函数功能               : LCD12864写数据
  25          * 输    入       : dat：数据
  26          * 输    出       : 无
  27          *******************************************************************************/
  28          void lcd12864_write_data(u8 dat)
  29          {
  30   1              LCD12864_RS=1;//选择数据
  31   1              LCD12864_WR=0;//选择写
  32   1              LCD12864_E=0;
  33   1              LCD12864_DATAPORT=dat;//准备数据
  34   1              delay_ms(5);
  35   1              LCD12864_E=1;//使能脚E先上升沿写入
  36   1              delay_ms(5);
  37   1              LCD12864_E=0;//使能脚E后负跳变完成写入
  38   1      }
  39          
  40          /*******************************************************************************
  41          * 函 数 名       : lcd12864_init
  42          * 函数功能               : LCD12864初始化
  43          * 输    入       : 无
  44          * 输    出       : 无
  45          *******************************************************************************/
  46          void lcd12864_init(void)
  47          {
  48   1              LCD12864_PSB=1;//选择8位或4位并口方式
  49   1              LCD_RST = 0;
  50   1              delay_ms(25);
  51   1              LCD_RST = 1;
  52   1              lcd12864_write_cmd(0x30);//数据总线8位，基本指令操作
  53   1              lcd12864_write_cmd(0x0c);//整体显示关，游标显示关，游标正常显示
C51 COMPILER V9.00   LCD12864                                                              06/26/2022 23:12:17 PAGE 2   

  54   1              lcd12864_write_cmd(0x06);//写入新数据后光标右移，显示屏不移动
  55   1              lcd12864_write_cmd(0x01);//清屏 
  56   1      }
  57          
  58          /*******************************************************************************
  59          * 函 数 名       : lcd12864_clear
  60          * 函数功能               : LCD12864清屏
  61          * 输    入       : 无
  62          * 输    出       : 无
  63          *******************************************************************************/
  64          void lcd12864_clear(void)
  65          {
  66   1              lcd12864_write_cmd(0x01);       
  67   1      } 
  68          
  69          /*******************************************************************************
  70          * 函 数 名       : lcd12864_show_string
  71          * 函数功能               : LCD12864显示字符串
  72          * 输    入       : x,y：显示坐标，x=0~7，y=0~3;
  73                                             str：显示字符串数据
  74          * 输    出       : 无
  75          *******************************************************************************/
  76          void lcd12864_show_string(u8 x,u8 y,u8 *str)
  77          {
  78   1              if(y<=0)y=0;
  79   1              if(y>3)y=3;
  80   1              x&=0x0f;        //限制x,y不能大于显示范围
  81   1      
  82   1              switch(y)
  83   1              {
  84   2                      case 0: x|=0x80;break;//第1行地址+x的偏移
  85   2                      case 1: x|=0x90;break;//第2行地址+x的偏移
  86   2                      case 2: x|=0x88;break;//第3行地址+x的偏移
  87   2                      case 3: x|=0x98;break;//第4行地址+x的偏移
  88   2              }
  89   1              lcd12864_write_cmd(x);
  90   1              while(*str!='\0')
  91   1              {
  92   2                      lcd12864_write_data(*str);
  93   2                      str++;          
  94   2              }
  95   1                      
  96   1      } 


MODULE INFORMATION:   STATIC OVERLAYABLE
   CODE SIZE        =    181    ----
   CONSTANT SIZE    =   ----    ----
   XDATA SIZE       =   ----    ----
   PDATA SIZE       =   ----    ----
   DATA SIZE        =   ----       3
   IDATA SIZE       =   ----    ----
   BIT SIZE         =   ----    ----
END OF MODULE INFORMATION.


C51 COMPILATION COMPLETE.  0 WARNING(S),  0 ERROR(S)
