C51 COMPILER V9.00   LESSON1                                                               05/09/2022 21:30:12 PAGE 1   


C51 COMPILER V9.00, COMPILATION OF MODULE LESSON1
OBJECT MODULE PLACED IN Lesson1.OBJ
COMPILER INVOKED BY: D:\C51\C51\BIN\C51.EXE Lesson1.c BROWSE DEBUG OBJECTEXTEND

line level    source

   1          //51单片机控制温湿度传感器DHT11Ｈ缓笤LCD1602上显示当前的温湿度及单位Ｆ渲惺度在第一行显示Ｎ露仍诘诙行
             -显示。单片机为YL-9最小系统。
   2          
   3          # include <reg51.h>
   4          # include <intrins.h>
   5          typedef unsigned char BYTE;
   6          typedef unsigned int WORD;
   7          #define uint unsigned int 
   8          #define uchar unsigned char 
   9          sbit io=P1^0;//dht11data端接单片机的P1^0口// 
  10          
  11          sbit rw=P2^5;//一下三行是设置lcd1602的使能端// 
  12          
  13          sbit rs=P2^6; 
  14          
  15          sbit ep=P2^7; 
  16          
  17          typedef bit BOOL;//此声明一个布尔型变量即真或假// 
  18          
  19          uchar data_byte; 
  20          
  21          uchar RH,RL,TH,TL; 
  22          
  23           
  24          
  25          //***************延时函数************************************* 
  26          
  27           void delay(uchar ms) //延时模块// 
  28          
  29          { 
  30   1      
  31   1        uchar i; 
  32   1      
  33   1        while(ms--)                 
  34   1      
  35   1              
  36   1      
  37   1       for(i=0;i<100;i++); 
  38   1      
  39   1      } 
  40          
  41          
  42          void delay1()//一个for循环大概需要8个多机器周期Ｒ桓龌器周期为1us【д裎12MHzＲ簿褪撬当竞数延时8us多
             -〈搜邮焙数必须德稍微精确一点 
  43          
  44          { 
  45   1      
  46   1        uchar i; 
  47   1      
  48   1        for(i=0;i<1;i++); 
  49   1      
  50   1      } 
  51          
  52            
  53          
C51 COMPILER V9.00   LESSON1                                                               05/09/2022 21:30:12 PAGE 2   

  54          //***************************************************************  
  55          
  56          //lcd模块// 
  57          
  58          BOOL lcd_bz()//测试lcd忙碌状态７祷刂滴布尔型数值Ｕ婊蚣侏'1'.'0'  
  59          
  60          { 
  61   1      
  62   1       BOOL result;
  63   1        rs=0;           // 读忙信号
  64   1        rw=1;
  65   1        ep=1;
  66   1        _nop_();
  67   1        _nop_();
  68   1        _nop_();
  69   1        _nop_();
  70   1        result = (BOOL)(P0&0x80);
  71   1        ep=0;
  72   1              return  result ;
  73   1      
  74   1      }     
  75          
  76          void write_cmd(uchar cmd)//写指令// 
  77          
  78          { 
  79   1      
  80   1        while (lcd_bz());
  81   1        rs=0;
  82   1        rw=0;
  83   1        ep=0;
  84   1        _nop_();
  85   1        _nop_();
  86   1        P0=cmd ;
  87   1        _nop_();
  88   1        _nop_();
  89   1        _nop_();
  90   1        _nop_();
  91   1        ep=1;
  92   1        _nop_();
  93   1        _nop_();
  94   1        _nop_();
  95   1        _nop_();
  96   1        ep=0;
  97   1      
  98   1      } 
  99          
 100           
 101          
 102          void write_addr(uchar addr)//写地址// 
 103          
 104          { 
 105   1      
 106   1        write_cmd(addr|0x80);//LCD第一行的首地址为0x80〉诙行的首地址为0x80+0x40=0xc0 
 107   1      
 108   1      } 
 109          
 110           
 111          
 112          void write_byte(uchar dat) //写字节// 
 113          
 114          { 
 115   1      
C51 COMPILER V9.00   LESSON1                                                               05/09/2022 21:30:12 PAGE 3   

 116   1         //while (lcd_bz());
 117   1        rs=1;
 118   1        rw=0;
 119   1        ep=0;
 120   1        _nop_();
 121   1        _nop_();
 122   1        P0=dat ;
 123   1        _nop_();
 124   1        _nop_();
 125   1        _nop_();
 126   1        _nop_();
 127   1        ep=1;
 128   1        _nop_();
 129   1        _nop_();
 130   1        _nop_();
 131   1        _nop_();
 132   1        ep=0;
 133   1      
 134   1      } 
 135          
 136           
 137          
 138          void lcd_init() //lcd初始化// 
 139          
 140          { 
 141   1      
 142   1        write_cmd(0x38);//设置LCD两行显示∫桓鍪据由5*7点阵表示,数据由8跟线传输 
 143   1      
 144   1        delay(1); 
 145   1      
 146   1        write_cmd(0x0c);//清除屏幕显示 
 147   1      
 148   1        delay(1); 
 149   1      
 150   1        write_cmd(0x06);//设定输入方式≡隽坎灰莆 
 151   1      
 152   1        delay(1); 
 153   1      
 154   1        write_cmd(0x01);//开整体显示」毓獗戟〔簧了 
 155   1      
 156   1        delay(1); 
 157   1      
 158   1      } 
 159          
 160           
 161          
 162          void display(uchar addr,uchar q)//在某一地址上显示内容adder表示的是地址偏移量q表示显示的字符或数字// 
 163          
 164          { 
 165   1      
 166   1        delay(10);   write_addr(addr); 
 167   1      
 168   1        write_byte(q); 
 169   1      
 170   1        delay(1);//修改此时间？梢愿谋LCD上数值跳变的数度 
 171   1      
 172   1      } 
 173          
 174           
 175          
 176          //**************************dht11测试某块*************************************// 
 177          
C51 COMPILER V9.00   LESSON1                                                               05/09/2022 21:30:12 PAGE 4   

 178          void start()//开始信号 
 179          
 180          { 
 181   1      
 182   1        io=1; 
 183   1      
 184   1        delay1(); 
 185   1      
 186   1        io=0; 
 187   1      
 188   1        delay(25);// 主机把总线拉低必须大于18ms１ＶDHT11能检测到起始信号 
 189   1      
 190   1        io=1;    //发送开始信号结束后＠高电平延时20-40us 
 191   1      
 192   1        delay1();//以下三个延时函数差不多为24us７合要求 
 193   1      
 194   1        delay1(); 
 195   1      
 196   1        delay1(); 
 197   1      
 198   1      } 
 199          
 200           
 201          
 202          uchar receive_byte()//接收一个字节// 
 203          
 204          { 
 205   1      
 206   1        uchar i,temp; 
 207   1      
 208   1        for(i=0;i<8;i++)//接收8bit的数据 
 209   1      
 210   1        { 
 211   2      
 212   2              while(!io);//等待50us的低电平开始信号结束 
 213   2      
 214   2              delay1();//开始信号结束之后Ｑ邮26us-28us∫韵氯个延时函数 
 215   2      
 216   2               delay1(); 
 217   2      
 218   2              delay1(); 
 219   2      
 220   2              temp=0;//时间为26us-28us１硎窘邮盏奈数据'0' 
 221   2      
 222   2              if(io==1) 
 223   2      
 224   2               temp=1; //如果26us-28us之后；刮高电平Ｔ虮硎窘邮盏氖据为'1' 
 225   2      
 226   2          while(io);//等待数据信号高电平'0'为26us-28us'1'为70us 
 227   2      
 228   2              data_byte<<=1;//接收的数据为高位在前∮乙篇 
 229   2      
 230   2               data_byte|=temp; 
 231   2      
 232   2        } 
 233   1      
 234   1        return data_byte; 
 235   1      
 236   1      } 
 237          
 238              
 239          
C51 COMPILER V9.00   LESSON1                                                               05/09/2022 21:30:12 PAGE 5   

 240          void receive()//接收数据// 
 241          
 242          { 
 243   1      
 244   1        uchar T_H,T_L,R_H,R_L,check,num_check,i; 
 245   1      
 246   1        start();//开始信号// 
 247   1      
 248   1        io=1;   //主机设为输入Ｅ卸洗踊DHT11⑾煊π藕 
 249   1      
 250   1        if(!io)//判断从机是否有低电平响应信号// 
 251   1      
 252   1        {  
 253   2              while(!io);//判断从机发出 80us 的低电平响应信号是否结束// 
 254   2      
 255   2              while(io);//判断从机发出 80us 的高电平是否结束Ｈ缃崾则主机进入数据接收状态 
 256   2      
 257   2              R_H=receive_byte();//湿度高位 
 258   2      
 259   2              R_L=receive_byte();//湿度低位 
 260   2      
 261   2              T_H=receive_byte();//温度高位 
 262   2      
 263   2              T_L=receive_byte();//温度低位 
 264   2      
 265   2              check=receive_byte();//校验位 
 266   2      
 267   2              io=0; //当最后一bit数据接完毕后４踊拉低电平50us// 
 268   2      
 269   2              for(i=0;i<7;i++)//差不多50us的延时 
 270   2      
 271   2              delay1(); 
 272   2      
 273   2              io=1;//总线由上拉电阻拉高＝入空闲状态 
 274   2      
 275   2              num_check=R_H+R_L+T_H+T_L; 
 276   2      
 277   2              if(num_check==check)//判断读到的四个数据之和是否与校验位相同 
 278   2      
 279   2              { 
 280   3      
 281   3         RH=R_H; 
 282   3      
 283   3         RL=R_L; 
 284   3      
 285   3         TH=T_H; 
 286   3      
 287   3         TL=T_L; 
 288   3      
 289   3         check=num_check; 
 290   3      
 291   3              } 
 292   2      
 293   2        } 
 294   1      
 295   1      } 
 296          
 297          //*****************************************************************************
 298          
 299           
 300          
 301          void main()//主函数模块// 
C51 COMPILER V9.00   LESSON1                                                               05/09/2022 21:30:12 PAGE 6   

 302          
 303          { 
 304   1         //BEEP=1;
 305   1        lcd_init();//初始化LCD 
 306   1      
 307   1        while(1) 
 308   1      
 309   1        { 
 310   2      
 311   2          receive();//接收数据 
 312   2      
 313   2              display(0x00,'R');//LCD的第一行显示 
 314   2      
 315   2              display(0x01,':'); 
 316   2      
 317   2              display(0x02,RH/10+0x30); //0x30表示ご字库的LCD1602中0x30的位置放有数字0RH/10+0x30即表示湿度的十位数
             -字在字库RH/10+0x30的位置处放着 
 318   2      
 319   2              display(0x03,RH%10+0x30); 
 320   2      
 321   2              display(0X04,'%'); 
 322   2      
 323   2              display(0x40,'T');//LCD的第二行显示 
 324   2      
 325   2              display(0x41,':'); 
 326   2      
 327   2              display(0x42,TH/10+0x30); 
 328   2      
 329   2              display(0x43,TH%10+0x30); 
 330   2              
 331   2              display(0x44,0xdf);//以下两个是温度单位的处理 
 332   2      
 333   2              display(0x45,0x43); 
 334   2      
 335   2        } 
 336   1      } 
 337          
 338          
 339          
 340          
 341          
 342          


MODULE INFORMATION:   STATIC OVERLAYABLE
   CODE SIZE        =    400    ----
   CONSTANT SIZE    =   ----    ----
   XDATA SIZE       =   ----    ----
   PDATA SIZE       =   ----    ----
   DATA SIZE        =      5    ----
   IDATA SIZE       =   ----    ----
   BIT SIZE         =   ----       1
END OF MODULE INFORMATION.


C51 COMPILATION COMPLETE.  0 WARNING(S),  0 ERROR(S)
