C51 COMPILER V9.00   MAIN                                                                  05/07/2022 23:00:05 PAGE 1   


C51 COMPILER V9.00, COMPILATION OF MODULE MAIN
OBJECT MODULE PLACED IN .\Obj\main.obj
COMPILER INVOKED BY: D:\C51\C51\BIN\C51.EXE User\main.c BROWSE INCDIR(.\App\24c02;.\App\iic;.\App\key;.\App\smg;.\Public
                    -;.\App\ds18b20;.\App\beep;.\App\time;.\App\lcd1602;.\App\dht11) DEBUG OBJECTEXTEND PRINT(.\Obj\main.lst) OBJECT(.\Obj\ma
                    -in.obj)

line level    source

   1          /**************************************************************************************
   2          深圳市普中科技有限公司（PRECHIN 普中）
   3          技术支持：www.prechin.net
   4          
   5          实验名称：DHT11温湿度检测（LCD1602显示）
   6          接线说明：DHT11温湿度模块-->单片机IO
   7                            VCC-->5V
   8                            DATA-->P2.3
   9                            GND-->GND     
  10          实验现象：下载程序后，LCD1602上显示DHT11温湿度传感器采集的温度和湿度值
  11          注意事项：按照LCD1602实验章节插好LCD1602到开发板                                                                                                                                                                  
  12          ***************************************************************************************/
  13          #include "public.h"
  14          #include "lcd1602.h"
  15          #include "dht11.h"
  16          
  17          /*******************************************************************************
  18          * 函 数 名       : main
  19          * 函数功能               : 主函数
  20          * 输    入       : 无
  21          * 输    出       : 无
  22          *******************************************************************************/
  23          void main()
  24          {       
  25   1              u8 temp=0,humi=0;
  26   1              u8 i=0;
  27   1              u8 temp_buf[3],humi_buf[3];
  28   1      
  29   1              lcd1602_init();
  30   1              while(DHT11_Init())     //检测DHT11是否存在
  31   1              {
  32   2                      lcd1602_show_string(0,0,"Error");               
  33   2              }
  34   1              lcd1602_show_string(0,0,"Temp:   C");
  35   1              lcd1602_show_string(0,1,"Humi:   %RH");
  36   1              while(1)
  37   1              {
  38   2                      i++;
  39   2                      if(i%200==0)
  40   2                      {
  41   3                              DHT11_Read_Data(&temp,&humi);
  42   3                              temp_buf[0]=temp/10+0x30;       
  43   3                              temp_buf[1]=temp%10+0x30;
  44   3                              temp_buf[2]='\0';
  45   3                              lcd1602_show_string(6,0,temp_buf);
  46   3      
  47   3                              humi_buf[0]=humi/10+0x30;       
  48   3                              humi_buf[1]=humi%10+0x30;
  49   3                              humi_buf[2]='\0';
  50   3                              lcd1602_show_string(6,1,humi_buf);      
  51   3                      }
  52   2                              
  53   2                      delay_ms(1);            
C51 COMPILER V9.00   MAIN                                                                  05/07/2022 23:00:05 PAGE 2   

  54   2              }
  55   1      }


MODULE INFORMATION:   STATIC OVERLAYABLE
   CODE SIZE        =    165    ----
   CONSTANT SIZE    =     28    ----
   XDATA SIZE       =   ----    ----
   PDATA SIZE       =   ----    ----
   DATA SIZE        =   ----       9
   IDATA SIZE       =   ----    ----
   BIT SIZE         =   ----    ----
END OF MODULE INFORMATION.


C51 COMPILATION COMPLETE.  0 WARNING(S),  0 ERROR(S)
