C51 COMPILER V9.00   DHTXX                                                                 04/23/2022 21:59:24 PAGE 1   


C51 COMPILER V9.00, COMPILATION OF MODULE DHTXX
OBJECT MODULE PLACED IN .\dhtXX.obj
COMPILER INVOKED BY: D:\C51\C51\BIN\C51.EXE ..\..\..\..\51 DHT\dhtXX.c BROWSE DEBUG OBJECTEXTEND PRINT(.\dhtXX.lst) OBJE
                    -CT(.\dhtXX.obj)

line level    source

   1          #include "reg51.h"
   2          #include "dhtXX.h"
   3          
   4          unsigned int temp;
   5          unsigned int humi;
   6          unsigned char check;
   7          /*******************************************************************************
   8          * 函 数 名       : void Delay10ms()             //@11.0592MHz
   9          * 函数功能               : 软件延时函数
  10          * 输    入       : 无
  11          * 输    出       : 无
  12          *******************************************************************************/
  13          void Delay10ms()                //@11.0592MHz
  14          {
  15   1              unsigned char i, j;
  16   1      
  17   1              i = 108;
  18   1              j = 145;
  19   1              do
  20   1              {
  21   2                      while (--j);
  22   2              } while (--i);
  23   1      }
  24          /*******************************************************************************
  25          * 函 数 名       : void Start(void)
  26          * 函数功能               : 起始信号
  27          * 输    入       : 无
  28          * 输    出       : 无
  29          *******************************************************************************/
  30          void Start(void)
  31          {
  32   1              DAT = 0;
  33   1              Delay10ms();
  34   1              Delay10ms();
  35   1              DAT = 1;
  36   1      }
  37          /*******************************************************************************
  38          * 函 数 名       : unsigned char ReadByte(void)
  39          * 函数功能               : 读取一个字节数据
  40          * 输    入       : 无
  41          * 输    出       : 无
  42          *******************************************************************************/
  43          unsigned char ReadOneByte(void)
  44          {
  45   1              unsigned char i,j=0,dat=0;
  46   1              for(i=0;i<8;i++)
  47   1              {
  48   2                      while(!DAT);            // 等待高电平
  49   2                      while(DAT)                      // 高电平持续时间计算
  50   2                      {
  51   3                              i++;                    // 一个循环为5个指令周期，约5us
  52   3                              
  53   3                      }
  54   2                      if(i>6)                 // 0--24~28us；1 >70us                          
C51 COMPILER V9.00   DHTXX                                                                 04/23/2022 21:59:24 PAGE 2   

  55   2                      {
  56   3                              dat|=0x01;
  57   3                      }
  58   2                      dat<<=1;                
  59   2              }
  60   1              return dat;
  61   1      }
  62          /*******************************************************************************
  63          * 函 数 名       : void Start(void)
  64          * 函数功能               : 起始信号
  65          * 输    入       : 无
  66          * 输    出       : 无
  67          *******************************************************************************/
  68          //void ReadData(unsigned int *temp,unsigned int *humi)
  69          void ReadData(void)
  70          {
  71   1              unsigned char i;
  72   1              unsigned int t,h,add;
  73   1              Start();
  74   1              while(DAT);                             // 等待响应
  75   1              while(!DAT)
  76   1              {
  77   2                              
  78   2                      i++;
  79   2              }
  80   1              if(i<15)                                // 响应信号应为80us
  81   1              {
  82   2                      
  83   2                      return;
  84   2              }
  85   1              while(DAT);                             // 等待发送数据
  86   1              h = ReadOneByte();                      // 读取温度高8位
  87   1              h<<=8;   
  88   1              h+= ReadOneByte();                      // 读取温度低8位
  89   1              t = ReadOneByte();                      // 读取湿度高8位
  90   1              t<<=8;
  91   1              t+= ReadOneByte();                      // 读取湿度低8位
  92   1              check = ReadOneByte();          // 读取校验码
  93   1              add = (t>>8)+(t&0xff)+(h>>8)+(h&0xff);          // 求校验码
  94   1              if(check!=(add&0xff))           // 检验校验码是否正确
  95   1              {
  96   2                      return;
  97   2              }
  98   1      #if (DHT==1)                                    // DHT11数据转换
                      temp = t>>8;
                      humi = h>>8;
                      LED = 0;
              #else if (DHT==2)                       // DHT22数据转换
 103   1              temp = t;
 104   1              humi = h;               
 105   1      #endif
 106   1      }


MODULE INFORMATION:   STATIC OVERLAYABLE
   CODE SIZE        =    157    ----
   CONSTANT SIZE    =   ----    ----
   XDATA SIZE       =   ----    ----
   PDATA SIZE       =   ----    ----
   DATA SIZE        =      5       4
   IDATA SIZE       =   ----    ----
   BIT SIZE         =   ----    ----
C51 COMPILER V9.00   DHTXX                                                                 04/23/2022 21:59:24 PAGE 3   

END OF MODULE INFORMATION.


C51 COMPILATION COMPLETE.  0 WARNING(S),  0 ERROR(S)
