C51 COMPILER V9.00   LCD1602                                                               04/22/2022 22:19:26 PAGE 1   


C51 COMPILER V9.00, COMPILATION OF MODULE LCD1602
OBJECT MODULE PLACED IN LCD1602.OBJ
COMPILER INVOKED BY: D:\C51\C51\BIN\C51.EXE LCD1602.c BROWSE DEBUG OBJECTEXTEND

line level    source

   1          #include "regx52.h"
   2          #include "LCD1602.h"
   3          #include "intrins.h"
   4          
   5          sbit LCD_RS = P2^6;
   6          sbit LCD_RW = P2^5;
   7          sbit LCD_E  = P2^7;
   8          
   9          #define LCD_DataPort P0
  10          
  11          void Delay1ms()         //@11.0592MHz 1ms
  12          {
  13   1              unsigned char i, j;
  14   1      
  15   1              _nop_();
  16   1              i = 2;
  17   1              j = 199;
  18   1              do
  19   1              {
  20   2                      while (--j);
  21   2              } while (--i);
  22   1      }
  23          
  24          void LCD_WriteCommand(unsigned char Command)
  25          {
  26   1                      LCD_RS = 0;
  27   1                      LCD_RW = 0;
  28   1                      LCD_DataPort = Command;
  29   1                      LCD_E  = 1;
  30   1                      Delay1ms();
  31   1                      LCD_E  = 0;
  32   1                      Delay1ms();
  33   1                      
  34   1      }
  35          
  36          void LCD_WriteData(unsigned char Data)
  37          {
  38   1                      LCD_RS = 1;
  39   1                      LCD_RW = 0;
  40   1                      LCD_DataPort = Data;
  41   1                      LCD_E  = 1;
  42   1                      Delay1ms();
  43   1                      LCD_E  = 0;
  44   1                      Delay1ms();
  45   1                      
  46   1      }
  47          
  48          void LCD_Init()
  49          {
  50   1                      LCD_WriteCommand(0x38);
  51   1                      LCD_WriteCommand(0x0c);
  52   1                      LCD_WriteCommand(0x06);
  53   1                      LCD_WriteCommand(0x01);
  54   1      }
  55          
C51 COMPILER V9.00   LCD1602                                                               04/22/2022 22:19:26 PAGE 2   

  56          void LCD_SetCursor(unsigned char Line,unsigned char Columu)
  57          {
  58   1              if(Line == 1)
  59   1              {
  60   2                      LCD_WriteCommand( 0x80 | (Columu-1) );
  61   2              }
  62   1              else
  63   1              {
  64   2                      LCD_WriteCommand( 0x80 | ( Columu-1 )+0x40 );
  65   2              }
  66   1      }
  67          
  68          
  69          void LCD_ShowString(unsigned char Line , unsigned char Columu , unsigned char* String)
  70          {
  71   1                      unsigned char i = 0;
  72   1              
  73   1                      LCD_SetCursor(Line,Columu);
  74   1              
  75   1                      for(i=0;String[i] != '\0';i++)
  76   1                      {
  77   2                                      LCD_WriteData(String[i]);
  78   2                      }
  79   1      }
  80          
  81          
  82          
  83          


MODULE INFORMATION:   STATIC OVERLAYABLE
   CODE SIZE        =    107    ----
   CONSTANT SIZE    =   ----    ----
   XDATA SIZE       =   ----    ----
   PDATA SIZE       =   ----    ----
   DATA SIZE        =   ----       3
   IDATA SIZE       =   ----    ----
   BIT SIZE         =   ----    ----
END OF MODULE INFORMATION.


C51 COMPILATION COMPLETE.  0 WARNING(S),  0 ERROR(S)
