C51 COMPILER V9.00   DS1302                                                                06/27/2022 19:41:55 PAGE 1   


C51 COMPILER V9.00, COMPILATION OF MODULE DS1302
OBJECT MODULE PLACED IN ds1302.OBJ
COMPILER INVOKED BY: D:\C51\C51\BIN\C51.EXE ds1302.c LARGE BROWSE DEBUG OBJECTEXTEND

line level    source

   1          #include "reg52.h"
   2          #include "intrins.h"
   3          #include "ds1302.h"
   4          /*******************************************************************************
   5          * 函 数 名       : unsigned char ReadByte(void)
   6          * 函数功能               : 读取一字节数
   7          * 输    入       : 无
   8          * 输    出       : 读取的数值
   9          *******************************************************************************/
  10          unsigned char ReadByte(void)
  11          {
  12   1              unsigned char dat=0;
  13   1              unsigned char i;
  14   1              SDA = 1;
  15   1              for(i=0;i<8;i++)                        // 读取一字节，8比特
  16   1              {
  17   2                      SCK = 0;                                // 下降沿读取
  18   2                      _nop_();_nop_();
  19   2                      if(SDA)
  20   2                              dat |= 1<<i;
  21   2                      _nop_();_nop_();
  22   2                      SDA=1;
  23   2                      SCK = 1;
  24   2                      _nop_();_nop_();
  25   2              }
  26   1              SCK = 0;
  27   1      
  28   1              return dat;                                     // 返回读取值
  29   1      }
  30          /*******************************************************************************
  31          * 函 数 名       : void WriteByte(unsigned char dat)
  32          * 函数功能               : 写入一字节数
  33          * 输    入       : dat 待写入数据
  34          * 输    出       : 无
  35          *******************************************************************************/
  36          void WriteByte(unsigned char dat)
  37          {
  38   1              unsigned char i;
  39   1              for(i=0;i<8;i++)                        // 写入一字节，8比特
  40   1              {
  41   2                      SCK = 0;
  42   2                      _nop_();_nop_();
  43   2                      if(dat&0X01)                    
  44   2                              SDA = 1;
  45   2                      else
  46   2                              SDA = 0;
  47   2                      _nop_();_nop_();
  48   2                      SCK = 1;                                // 上升沿有效
  49   2                      _nop_();_nop_();
  50   2                      dat>>=1;                                // LSB先写入
  51   2              }
  52   1              SCK = 0;
  53   1      
  54   1      }
  55          /*******************************************************************************
C51 COMPILER V9.00   DS1302                                                                06/27/2022 19:41:55 PAGE 2   

  56          * 函 数 名       : void WriteCommand(unsigned char Add,unsigned char Dat)
  57          * 函数功能               : 写入时间
  58          * 输    入       : Add 待写入数据地址，Dat 待写入数据
  59          * 输    出       : 无
  60          *******************************************************************************/
  61          void WriteCommand(unsigned char Add,unsigned char Dat)
  62          {
  63   1              CE = 1;                         // 使能
  64   1              WriteByte(Add);         // 写入地址
  65   1              WriteByte(Dat);         // 写入数据
  66   1              CE = 0;
  67   1      /*
  68   1              unsigned char i;
  69   1              CE=1;                                   //启动DS1302总线        
  70   1              //写入目标地址：addr
  71   1              addr = addr & 0xFE;   //最低位置零，寄存器0位为0时写，为1时读
  72   1              for (i = 0; i < 8; i ++) {
  73   1                      if (addr & 0x01) {
  74   1                              SDA=1;
  75   1                              }
  76   1                      else {
  77   1                              SDA=0;
  78   1                              }
  79   1                      SCK=1;      //产生时钟
  80   1                      SCK=0;
  81   1                      addr = addr >> 1;
  82   1                      }       
  83   1              //写入数据：d
  84   1              for (i = 0; i < 8; i ++) {
  85   1                      if (d & 0x01) {
  86   1                              SDA=1;
  87   1                              }
  88   1                      else {
  89   1                              SDA=0;
  90   1                              }
  91   1                      SCK=1;    //产生时钟
  92   1                      SCK=0;
  93   1                      d = d >> 1;
  94   1                      }
  95   1              CE=0;           //停止DS1302总线
  96   1      */
  97   1      }
  98          /*******************************************************************************
  99          * 函 数 名       : unsigned char ReadCommand(unsigned char Add)
 100          * 函数功能               : 读取时间
 101          * 输    入       : Add 待读取数据地址
 102          * 输    出       : 读取数据
 103          *******************************************************************************/
 104          unsigned char ReadCommand(unsigned char Add)
 105          {
 106   1              unsigned char dat = 0;
 107   1              CE = 1;                                 // 使能
 108   1              WriteByte(Add);                 // 写入待读取数据地址
 109   1              dat = ReadByte();               // 读取数据     
 110   1              CE = 0;
 111   1              return dat;
 112   1      /*******************************************************************************
 113   1              unsigned char i,temp;   
 114   1              CE=1;                                   //启动DS1302总线
 115   1              //写入目标地址：addr
 116   1              addr = addr | 0x01;    //最低位置高，寄存器0位为0时写，为1时读
 117   1              for (i = 0; i < 8; i ++) {
C51 COMPILER V9.00   DS1302                                                                06/27/2022 19:41:55 PAGE 3   

 118   1                      if (addr & 0x01) {
 119   1                              SDA=1;
 120   1                              }
 121   1                      else {
 122   1                              SDA=0;
 123   1                              }
 124   1                      SCK=1;
 125   1                      SCK=0;
 126   1                      addr = addr >> 1;
 127   1                      }       
 128   1              //输出数据：temp
 129   1              for (i = 0; i < 8; i ++) {
 130   1                      temp = temp >> 1;
 131   1                      if (SDA) {
 132   1                              temp |= 0x80;
 133   1                              }
 134   1                      else {
 135   1                              temp &= 0x7F;
 136   1                              }
 137   1                      SCK=1;
 138   1                      SCK=0;
 139   1                      }       
 140   1              CE=0;                                   //停止DS1302总线
 141   1              return temp;
 142   1      *******************************************************************************/
 143   1      }
 144          /*******************************************************************************
 145          * 函 数 名       : void DS1302_Init(void)
 146          * 函数功能               : DS1302初始化数据
 147          * 输    入       : 无
 148          * 输    出       : 无
 149          *******************************************************************************/
 150          void DS1302_Init(void)
 151          {
 152   1              CE = 0;
 153   1              SCK = 0;
 154   1              WriteCommand(0x8E,0);                           // 去写保护
 155   1              WriteCommand(SECO_WRITE,0X00);          // 工作在正常模式
 156   1              
 157   1      }


MODULE INFORMATION:   STATIC OVERLAYABLE
   CODE SIZE        =    117    ----
   CONSTANT SIZE    =   ----    ----
   XDATA SIZE       =   ----    ----
   PDATA SIZE       =   ----    ----
   DATA SIZE        =   ----    ----
   IDATA SIZE       =   ----    ----
   BIT SIZE         =   ----    ----
END OF MODULE INFORMATION.


C51 COMPILATION COMPLETE.  0 WARNING(S),  0 ERROR(S)
