C51 COMPILER V9.00   KEY                                                                   06/27/2022 19:41:55 PAGE 1   


C51 COMPILER V9.00, COMPILATION OF MODULE KEY
OBJECT MODULE PLACED IN key.OBJ
COMPILER INVOKED BY: D:\C51\C51\BIN\C51.EXE key.c LARGE BROWSE DEBUG OBJECTEXTEND

line level    source

   1          #include "key.h"
   2          /*******************************************************************************
   3          * 函 数 名       : key_scan
   4          * 函数功能               : 检测独立按键是否按下，按下则返回对应键值
   5          * 输    入       : mode=0：单次扫描按键
   6                                             mode=1：连续扫描按键
   7          * 输    出       : KEY1_PRESS：K1按下
   8                                             KEY2_PRESS：K2按下
   9                                             KEY3_PRESS：K3按下
  10                                             KEY4_PRESS：K4按下
  11                                             KEY_UNPRESS：未有按键按下
  12          *******************************************************************************/
  13          void delay_10us(u16 ten_us)
  14          {
  15   1              while(ten_us--);        
  16   1      }
  17          
  18          u8 key_scan(u8 mode)
  19          {
  20   1              static u8 key=1;
  21   1      
  22   1              if(mode)key=1;//连续扫描按键
  23   1              if(key==1&&(KEY1==0||KEY2==0||KEY3==0||KEY4==0))//任意按键按下
  24   1              {
  25   2                      delay_10us(1000);//消抖
  26   2                      key=0;
  27   2                      if(KEY1==0)
  28   2                              return KEY3_PRESS;
  29   2                      if(KEY2==0)
  30   2                              return KEY2_PRESS;
  31   2                      if(KEY3==0)
  32   2                              return KEY3_PRESS;
  33   2                      if(KEY4==0)
  34   2                              return KEY4_PRESS;      
  35   2              }
  36   1              else if(KEY1==1&&KEY2==1&&KEY3==1&&KEY4==1)     //无按键按下
  37   1              {
  38   2                      key=1;                  
  39   2              }
  40   1              return KEY_UNPRESS;             
  41   1      }


MODULE INFORMATION:   STATIC OVERLAYABLE
   CODE SIZE        =     97    ----
   CONSTANT SIZE    =   ----    ----
   XDATA SIZE       =      1    ----
   PDATA SIZE       =   ----    ----
   DATA SIZE        =   ----    ----
   IDATA SIZE       =   ----    ----
   BIT SIZE         =   ----    ----
END OF MODULE INFORMATION.


C51 COMPILATION COMPLETE.  0 WARNING(S),  0 ERROR(S)
