C51 COMPILER V9.00   TIME_SET                                                              05/17/2022 21:25:55 PAGE 1   


C51 COMPILER V9.00, COMPILATION OF MODULE TIME_SET
OBJECT MODULE PLACED IN time_set.OBJ
COMPILER INVOKED BY: D:\C51\C51\BIN\C51.EXE time_set.c BROWSE DEBUG OBJECTEXTEND

line level    source

   1          #include "time_set.h"
   2          void calendar_set_time(void)//时钟设置模式
   3          {
   4   1              if(g_calendar.mode==1)//时钟设置
   5   1              {
   6   2                      if(g_calendar.add==1)
   7   2                      {
   8   3                              g_calendar.add=0;       
   9   3                              switch(g_calendar.time_choice)
  10   3                              {
  11   4                                      case 0: g_calendar.sec++;
  12   4                                                      if((g_calendar.sec&0x0f)>9)g_calendar.sec+=6;
  13   4                                                      if(g_calendar.sec>=0x60)g_calendar.sec=0;
  14   4                                                      break;
  15   4                                      case 1: g_calendar.min++;
  16   4                                                      if((g_calendar.min&0x0f)>9)g_calendar.min+=6;
  17   4                                                      if(g_calendar.min>=0x60)g_calendar.min=0;
  18   4                                                      break;
  19   4                                      case 2: g_calendar.hour++;
  20   4                                                      if((g_calendar.hour&0x0f)>9)g_calendar.hour+=6;
  21   4                                                      if(g_calendar.hour>=0x24)g_calendar.hour=0;
  22   4                                                      break;
  23   4                                      case 3: g_calendar.week++;
  24   4                                                      if((g_calendar.week&0x0f)>9)g_calendar.week+=6;
  25   4                                                      if(g_calendar.week>=0x08)g_calendar.week=1;
  26   4                                                      break;
  27   4                                      case 4: g_calendar.day++;
  28   4                                                      if((g_calendar.day&0x0f)>9)g_calendar.day+=6;
  29   4                                                      if(g_calendar.day>=0x32)g_calendar.day=1;
  30   4                                                      break;
  31   4                                      case 5: g_calendar.month++;
  32   4                                                      if((g_calendar.month&0x0f)>9)g_calendar.month+=6;
  33   4                                                      if(g_calendar.month>=0x13)g_calendar.month=1;
  34   4                                                      break;
  35   4                                      case 6: g_calendar.year++;
  36   4                                                      if((g_calendar.year&0x0f)>9)g_calendar.year+=6;
  37   4                                                      if(g_calendar.year>=0x99)g_calendar.year=0;
  38   4                                                      break;          
  39   4                              }       
  40   3                      }                                                                                                                               
  41   2              }                               
  42   1      }
  43          
  44          void calendar_set_alarm(void)//闹钟设置模式
  45          {
  46   1              if(g_calendar.mode==2)//闹钟设置
  47   1              {
  48   2                      if(g_calendar.add==1)
  49   2                      {
  50   3                              g_calendar.add=0;       
  51   3                              switch(g_calendar.time_choice)
  52   3                              {
  53   4                                      case 0: g_calendar.alarm_time[0]++;
  54   4                                                      if((g_calendar.alarm_time[0]&0x0f)>9)g_calendar.alarm_time[0]+=6;
  55   4                                                      if(g_calendar.alarm_time[0]>=0x60)g_calendar.alarm_time[0]=0;
C51 COMPILER V9.00   TIME_SET                                                              05/17/2022 21:25:55 PAGE 2   

  56   4                                                      break;
  57   4                                      case 1: g_calendar.alarm_time[1]++;
  58   4                                                      if((g_calendar.alarm_time[1]&0x0f)>9)g_calendar.alarm_time[1]+=6;
  59   4                                                      if(g_calendar.alarm_time[1]>=0x24)g_calendar.alarm_time[1]=0;
  60   4                                                      break; 
  61   4                                      case 2: g_calendar.alarm=!g_calendar.alarm;
  62   4                                                      break;
  63   4                                      case 3: g_calendar.time_choice=0;
  64   4                                                      break;
  65   4                              }       
  66   3                      }                                                                                                                                       
  67   2              }               
  68   1      }


MODULE INFORMATION:   STATIC OVERLAYABLE
   CODE SIZE        =    362    ----
   CONSTANT SIZE    =   ----    ----
   XDATA SIZE       =   ----    ----
   PDATA SIZE       =   ----    ----
   DATA SIZE        =   ----    ----
   IDATA SIZE       =   ----    ----
   BIT SIZE         =   ----    ----
END OF MODULE INFORMATION.


C51 COMPILATION COMPLETE.  0 WARNING(S),  0 ERROR(S)
